{"ts":"2026-02-16T07:06:53.904Z","identifier":"biggsadmin@example.app","found":true,"passwordMatch":false}
{"ts":"2026-02-16T07:07:10.500Z","identifier":"biggsadmin@example.app","found":true,"passwordMatch":false}
{"ts":"2026-02-16T07:13:15.582Z","identifier":"biggsadmin@example.app","found":true,"passwordMatch":true,"success":true}
{"ts":"2026-02-16T07:13:28.771Z","identifier":"biggsadmin@test.app","found":true,"passwordMatch":true,"success":true}
{"ts":"2026-02-16T07:14:37.190Z","identifier":"biggsadmin@test.app","found":true,"passwordMatch":false}
{"ts":"2026-02-16T07:14:44.566Z","identifier":"biggsadmin@test.app","found":true,"passwordMatch":false}
{"ts":"2026-02-16T07:14:57.442Z","identifier":"biggsadmin@test.app","found":true,"passwordMatch":false}
{"ts":"2026-02-16T07:18:20.430Z","identifier":"biggsadmin@test.app","found":true,"passwordMatch":false}
{"ts":"2026-02-16T07:18:28.531Z","identifier":"biggsadmin@example.app","found":true,"passwordMatch":false}
{"ts":"2026-02-16T07:21:23.698Z","identifier":"biggsadmin@test.app","userId":3,"hashPrefix":"$2b$10$H5YAG"}
{"ts":"2026-02-16T07:21:23.776Z","identifier":"biggsadmin@test.app","found":true,"passwordMatch":false}
{"ts":"2026-02-16T07:22:08.619Z","identifier":"biggsadmin@example.app","userId":4,"hashPrefix":"$2b$10$N8Mge"}
{"ts":"2026-02-16T07:22:08.672Z","identifier":"biggsadmin@example.app","userId":4,"hashPrefix":"$2b$10$N8Mge"}
{"ts":"2026-02-16T07:22:08.744Z","identifier":"biggsadmin@example.app","userId":4,"hashPrefix":"$2b$10$N8Mge"}
{"ts":"2026-02-16T07:22:08.749Z","identifier":"biggsadmin@example.app","found":true,"passwordMatch":false,"candidateLen":14}
{"ts":"2026-02-16T07:22:08.788Z","identifier":"biggsadmin@example.app","found":true,"passwordMatch":false,"candidateLen":14}
{"ts":"2026-02-16T07:22:08.813Z","identifier":"biggsadmin@example.app","userId":4,"hashPrefix":"$2b$10$N8Mge"}
{"ts":"2026-02-16T07:22:08.819Z","identifier":"biggsadmin@example.app","userId":4,"hashPrefix":"$2b$10$N8Mge"}
{"ts":"2026-02-16T07:22:08.845Z","identifier":"biggsadmin@example.app","found":true,"passwordMatch":false,"candidateLen":14}
{"ts":"2026-02-16T07:22:08.876Z","identifier":"biggsadmin@example.app","userId":4,"hashPrefix":"$2b$10$N8Mge"}
{"ts":"2026-02-16T07:22:08.905Z","identifier":"biggsadmin@example.app","found":true,"passwordMatch":false,"candidateLen":14}
{"ts":"2026-02-16T07:22:08.916Z","identifier":"biggsadmin@example.app","found":true,"passwordMatch":false,"candidateLen":14}
{"ts":"2026-02-16T07:22:08.964Z","identifier":"biggsadmin@example.app","found":true,"passwordMatch":false,"candidateLen":14}
{"ts":"2026-02-16T07:31:26.357Z","identifier":"biggsadmin@test.app","userId":3,"hashPrefix":"$2b$10$H5YAG"}
{"ts":"2026-02-16T07:31:26.424Z","identifier":"biggsadmin@test.app","found":true,"passwordMatch":false,"candidateLen":14}
{"ts":"2026-02-16T07:39:17.381Z","identifier":"biggsadmin@test.app","userId":3,"hashPrefix":"$2b$10$WcUq8"}
{"ts":"2026-02-16T07:39:17.641Z","identifier":"biggsadmin@test.app","found":true,"passwordMatch":true,"success":true}
{"ts":"2026-02-16T07:39:28.023Z","identifier":"biggsadmin@example.app","userId":4,"hashPrefix":"$2b$10$jDV46"}
{"ts":"2026-02-16T07:39:28.106Z","identifier":"biggsadmin@example.app","found":true,"passwordMatch":true,"success":true}
{"ts":"2026-02-16T07:39:34.049Z","identifier":"biggsadmin@example.app","userId":4,"hashPrefix":"$2b$10$jDV46"}
{"ts":"2026-02-16T07:39:34.126Z","identifier":"biggsadmin@example.app","found":true,"passwordMatch":true,"success":true}
{"ts":"2026-02-16T07:40:02.535Z","identifier":"biggsadmin@test.app","userId":3,"hashPrefix":"$2b$10$WcUq8"}
{"ts":"2026-02-16T07:40:02.628Z","identifier":"biggsadmin@test.app","found":true,"passwordMatch":true,"success":true}
{"ts":"2026-02-16T07:40:19.436Z","identifier":"biggsadmin@test.app","userId":3,"hashPrefix":"$2b$10$WcUq8"}
{"ts":"2026-02-16T07:40:19.568Z","identifier":"biggsadmin@test.app","found":true,"passwordMatch":true,"success":true}
{"ts":"2026-02-16T07:43:14.607Z","identifier":"biggsadmin@test.app","userId":3,"hashPrefix":"$2b$10$WcUq8"}
{"ts":"2026-02-16T07:43:14.837Z","identifier":"biggsadmin@test.app","found":true,"passwordMatch":true,"success":true}
{"ts":"2026-02-16T07:45:40.947Z","identifier":"biggsadmin@example.app","userId":4,"hashPrefix":"$2b$10$jDV46"}
{"ts":"2026-02-16T07:45:40.969Z","identifier":"biggsadmin@example.app","userId":4,"hashPrefix":"$2b$10$jDV46"}
{"ts":"2026-02-16T07:45:41.183Z","identifier":"biggsadmin@example.app","found":true,"passwordMatch":true,"success":true}
{"ts":"2026-02-16T07:45:41.190Z","identifier":"biggsadmin@example.app","found":true,"passwordMatch":true,"success":true}
{"ts":"2026-02-16T07:46:38.237Z","identifier":"biggsadmin@test.app","userId":3,"hashPrefix":"$2b$10$WcUq8"}
{"ts":"2026-02-16T07:46:38.442Z","identifier":"biggsadmin@test.app","found":true,"passwordMatch":true,"success":true}
{"ts":"2026-02-16T07:49:32.522Z","identifier":"biggsadmin@test.app","userId":3,"hashPrefix":"$2b$10$WcUq8"}
{"ts":"2026-02-16T07:49:32.772Z","identifier":"biggsadmin@test.app","found":true,"passwordMatch":true,"success":true}
{"ts":"2026-02-16T07:50:16.529Z","identifier":"biggsadmin@test.app","userId":3,"hashPrefix":"$2b$10$WcUq8"}
{"ts":"2026-02-16T07:50:16.715Z","identifier":"biggsadmin@test.app","found":true,"passwordMatch":true,"success":true}
{"ts":"2026-02-16T07:51:45.300Z","identifier":"biggsadmin@test.app","userId":3,"hashPrefix":"$2b$10$WcUq8"}
{"ts":"2026-02-16T07:51:45.469Z","identifier":"biggsadmin@test.app","found":true,"passwordMatch":true,"success":true}
{"ts":"2026-02-16T07:58:03.905Z","identifier":"biggsadmin@test.app","userId":3,"hashPrefix":"$2b$10$WcUq8"}
{"ts":"2026-02-16T07:58:04.091Z","identifier":"biggsadmin@test.app","found":true,"passwordMatch":true,"success":true}
{"ts":"2026-02-16T08:06:21.815Z","identifier":"biggsadmin@example.app","userId":4,"hashPrefix":"$2b$10$jDV46"}
{"ts":"2026-02-16T08:06:22.595Z","identifier":"biggsadmin@example.app","event":"persist_refresh_success","userId":4,"refreshTokensCount":1}
{"ts":"2026-02-16T08:06:22.601Z","identifier":"biggsadmin@example.app","found":true,"passwordMatch":true,"success":true}
{"ts":"2026-02-16T08:11:03.247Z","identifier":"biggsadmin@example.app","userId":4,"hashPrefix":"$2b$10$jDV46"}
{"ts":"2026-02-16T08:11:03.355Z","identifier":"biggsadmin@example.app","event":"persist_refresh_success","userId":4,"refreshTokensCount":1}
{"ts":"2026-02-16T08:11:03.362Z","identifier":"biggsadmin@example.app","found":true,"passwordMatch":true,"success":true}
{"ts":"2026-02-16T08:14:42.378Z","identifier":"biggsadmin@test.app","userId":3,"hashPrefix":"$2b$10$WcUq8"}
{"ts":"2026-02-16T08:14:42.736Z","identifier":"biggsadmin@test.app","event":"persist_refresh_success","userId":3,"refreshTokensCount":1}
{"ts":"2026-02-16T08:14:42.741Z","identifier":"biggsadmin@test.app","found":true,"passwordMatch":true,"success":true}
{"ts":"2026-02-16T08:18:46.765Z","identifier":"biggsadmin@test.app","userId":3,"hashPrefix":"$2b$10$WcUq8"}
{"ts":"2026-02-16T08:18:47.747Z","identifier":"biggsadmin@test.app","event":"persist_refresh_success","userId":3,"refreshTokensCount":1}
{"ts":"2026-02-16T08:18:47.798Z","identifier":"biggsadmin@test.app","found":true,"passwordMatch":true,"success":true}
{"ts":"2026-02-16T08:20:20.329Z","identifier":"biggsadmin@test.app","userId":3,"hashPrefix":"$2b$10$WcUq8"}
{"ts":"2026-02-16T08:20:20.508Z","identifier":"biggsadmin@test.app","event":"persist_refresh_success","userId":3,"refreshTokensCount":1}
{"ts":"2026-02-16T08:20:20.524Z","identifier":"biggsadmin@test.app","found":true,"passwordMatch":true,"success":true}
{"ts":"2026-02-16T08:21:26.682Z","identifier":"biggsadmin@test.app","userId":3,"hashPrefix":"$2b$10$WcUq8"}
{"ts":"2026-02-16T08:21:26.821Z","identifier":"biggsadmin@test.app","event":"persist_refresh_success","userId":3,"refreshTokensCount":1}
{"ts":"2026-02-16T08:21:26.824Z","identifier":"biggsadmin@test.app","event":"set_access_cookie"}
{"ts":"2026-02-16T08:21:26.833Z","identifier":"biggsadmin@test.app","found":true,"passwordMatch":true,"success":true}
{"ts":"2026-02-16T08:24:55.005Z","identifier":"biggsadmin@test.app","userId":3,"hashPrefix":"$2b$10$WcUq8"}
{"ts":"2026-02-16T08:24:55.127Z","identifier":"biggsadmin@test.app","event":"persist_refresh_success","userId":3,"refreshTokensCount":1}
{"ts":"2026-02-16T08:24:55.131Z","identifier":"biggsadmin@test.app","event":"set_access_cookie"}
{"ts":"2026-02-16T08:24:55.136Z","identifier":"biggsadmin@test.app","found":true,"passwordMatch":true,"success":true}
{"ts":"2026-02-16T08:28:04.504Z","identifier":"biggsadmin@test.app","userId":3,"hashPrefix":"$2b$10$WcUq8"}
{"ts":"2026-02-16T08:28:04.802Z","identifier":"biggsadmin@test.app","event":"persist_refresh_success","userId":3,"refreshTokensCount":1}
{"ts":"2026-02-16T08:28:04.824Z","identifier":"biggsadmin@test.app","event":"set_access_cookie"}
{"ts":"2026-02-16T08:28:04.856Z","identifier":"biggsadmin@test.app","found":true,"passwordMatch":true,"success":true}
{"ts":"2026-02-16T08:30:16.155Z","identifier":"biggsadmin@test.app","userId":3,"hashPrefix":"$2b$10$WcUq8"}
{"ts":"2026-02-16T08:30:16.291Z","identifier":"biggsadmin@test.app","event":"persist_refresh_success","userId":3,"refreshTokensCount":1}
{"ts":"2026-02-16T08:30:16.296Z","identifier":"biggsadmin@test.app","event":"set_access_cookie"}
{"ts":"2026-02-16T08:30:16.303Z","identifier":"biggsadmin@test.app","found":true,"passwordMatch":true,"success":true}
{"ts":"2026-02-16T08:31:27.310Z","identifier":"biggsadmin@test.app","userId":3,"hashPrefix":"$2b$10$WcUq8"}
{"ts":"2026-02-16T08:31:27.473Z","identifier":"biggsadmin@test.app","event":"persist_refresh_success","userId":3,"refreshTokensCount":1}
{"ts":"2026-02-16T08:31:27.479Z","identifier":"biggsadmin@test.app","event":"set_access_cookie"}
{"ts":"2026-02-16T08:31:27.490Z","identifier":"biggsadmin@test.app","found":true,"passwordMatch":true,"success":true}
{"ts":"2026-02-16T08:34:57.474Z","identifier":"biggsadmin@example.app","userId":4,"hashPrefix":"$2b$10$jDV46"}
{"ts":"2026-02-16T08:34:57.624Z","identifier":"biggsadmin@example.app","event":"persist_refresh_success","userId":4,"refreshTokensCount":1}
{"ts":"2026-02-16T08:34:57.631Z","identifier":"biggsadmin@example.app","event":"set_access_cookie"}
{"ts":"2026-02-16T08:34:57.643Z","identifier":"biggsadmin@example.app","found":true,"passwordMatch":true,"success":true}
{"ts":"2026-02-16T08:40:22.724Z","identifier":"biggsadmin@test.app","userId":3,"hashPrefix":"$2b$10$WcUq8"}
{"ts":"2026-02-16T08:40:22.827Z","identifier":"biggsadmin@test.app","event":"persist_refresh_success","userId":3,"refreshTokensCount":1}
{"ts":"2026-02-16T08:40:22.830Z","identifier":"biggsadmin@test.app","event":"set_access_cookie"}
{"ts":"2026-02-16T08:40:22.835Z","identifier":"biggsadmin@test.app","found":true,"passwordMatch":true,"success":true}
{"ts":"2026-02-16T08:53:04.796Z","identifier":"biggsadmin@test.app","userId":3,"hashPrefix":"$2b$10$WcUq8"}
{"ts":"2026-02-16T08:53:04.921Z","identifier":"biggsadmin@test.app","event":"persist_refresh_success","userId":3,"refreshTokensCount":1}
{"ts":"2026-02-16T08:53:04.934Z","identifier":"biggsadmin@test.app","found":true,"passwordMatch":true,"success":true}
{"ts":"2026-02-16T08:53:22.814Z","identifier":"biggsadmin@test.app","userId":3,"hashPrefix":"$2b$10$WcUq8"}
{"ts":"2026-02-16T08:53:22.877Z","identifier":"biggsadmin@test.app","event":"persist_refresh_success","userId":3,"refreshTokensCount":1}
{"ts":"2026-02-16T08:53:22.879Z","identifier":"biggsadmin@test.app","found":true,"passwordMatch":true,"success":true}
{"ts":"2026-02-16T09:00:39.451Z","identifier":"biggsadmin@example.app","userId":4,"hashPrefix":"$2b$10$jDV46"}
{"ts":"2026-02-16T09:00:39.551Z","identifier":"biggsadmin@example.app","event":"persist_refresh_success","userId":4,"refreshTokensCount":1}
{"ts":"2026-02-16T09:00:39.554Z","identifier":"biggsadmin@example.app","found":true,"passwordMatch":true,"success":true}
